<?xml version="1.0" encoding="UTF-8"?>
<!-- Generated by org.testng.reporters.JUnitReportReporter -->
<testsuite hostname="shankar" failures="0" tests="3" name="com.actitime.testscript.EventModuleTestClass" time="0.012" errors="0" timestamp="2025-04-16T22:00:47 IST" skipped="0">
  <testcase classname="com.actitime.testscript.EventModuleTestClass" name="createEvent" time="0.008">
    <system-out>
      <![CDATA[CreateEvent]]>
    </system-out>
  </testcase> <!-- createEvent -->
  <testcase classname="com.actitime.testscript.EventModuleTestClass" name="modifyEvent" time="0.003">
    <system-out>
      <![CDATA[modifyEvent]]>
    </system-out>
  </testcase> <!-- modifyEvent -->
  <testcase classname="com.actitime.testscript.EventModuleTestClass" name="deleteEvent" time="0.001">
    <system-out>
      <![CDATA[deleteEvent]]>
    </system-out>
  </testcase> <!-- deleteEvent -->
  <system-out>
    <![CDATA[CreateEvent
deleteEvent
modifyEvent
CreateCustomer
CreateCustomer
modifyCustomer
deleteCustomer
CreateTask
deleteTask
modifyTask]]>
  </system-out>
</testsuite> <!-- com.actitime.testscript.EventModuleTestClass -->
