<?xml version="1.0" encoding="UTF-8"?>
<!-- Generated by org.testng.reporters.JUnitReportReporter -->
<testsuite hostname="shankar" failures="0" tests="1" name="com.actitime.testscript.EventModule" time="1.133" errors="0" timestamp="2025-05-03T00:14:23 IST" skipped="0">
  <testcase classname="com.actitime.testscript.EventModule" name="createEvent" time="1.133">
    <system-out>
      <![CDATA[createEvent]]>
    </system-out>
  </testcase> <!-- createEvent -->
  <system-out>
    <![CDATA[openBrowser
login
createCustomer
logout
login
createTask
logout
login
createEvent
logout
closeBrowser]]>
  </system-out>
</testsuite> <!-- com.actitime.testscript.EventModule -->
