<?xml version="1.0" encoding="UTF-8"?>
<!-- Generated by org.testng.reporters.JUnitReportReporter -->
<testsuite hostname="shankar" failures="0" tests="1" name="com.actitime.testscript.TaskModule" time="1.162" errors="0" timestamp="2025-05-03T00:14:23 IST" skipped="0">
  <testcase classname="com.actitime.testscript.TaskModule" name="createTask" time="1.162">
    <system-out>
      <![CDATA[createTask]]>
    </system-out>
  </testcase> <!-- createTask -->
  <system-out>
    <![CDATA[openBrowser
login
createCustomer
logout
login
createTask
logout
login
createEvent
logout
closeBrowser]]>
  </system-out>
</testsuite> <!-- com.actitime.testscript.TaskModule -->
