<?xml version="1.0" encoding="UTF-8"?>
<!-- Generated by org.testng.reporters.JUnitReportReporter -->
<testsuite hostname="shankar" failures="0" tests="1" name="com.actitime.pom.TestMethodClass" time="2.290" errors="0" timestamp="2025-04-27T20:13:30 IST" skipped="0">
  <testcase classname="com.actitime.pom.TestMethodClass" name="verifyLogin" time="2.290"/>
</testsuite> <!-- com.actitime.pom.TestMethodClass -->
