<?xml version="1.0" encoding="UTF-8"?>
<!-- Generated by org.testng.reporters.JUnitReportReporter -->
<testsuite hostname="shankar" failures="0" tests="3" name="com.actitime.testscript.TaskModuleTestClass" time="0.004" errors="0" timestamp="2025-04-16T22:00:47 IST" skipped="0">
  <testcase classname="com.actitime.testscript.TaskModuleTestClass" name="deleteTask" time="0.001">
    <system-out>
      <![CDATA[deleteTask]]>
    </system-out>
  </testcase> <!-- deleteTask -->
  <testcase classname="com.actitime.testscript.TaskModuleTestClass" name="createTask" time="0.002">
    <system-out>
      <![CDATA[CreateTask]]>
    </system-out>
  </testcase> <!-- createTask -->
  <testcase classname="com.actitime.testscript.TaskModuleTestClass" name="modifyTask" time="0.001">
    <system-out>
      <![CDATA[modifyTask]]>
    </system-out>
  </testcase> <!-- modifyTask -->
  <system-out>
    <![CDATA[CreateEvent
deleteEvent
modifyEvent
CreateCustomer
CreateCustomer
modifyCustomer
deleteCustomer
CreateTask
deleteTask
modifyTask]]>
  </system-out>
</testsuite> <!-- com.actitime.testscript.TaskModuleTestClass -->
