<?xml version="1.0" encoding="UTF-8"?>
<!-- Generated by org.testng.reporters.JUnitReportReporter -->
<testsuite hostname="shankar" failures="0" tests="2" name="com.actitime.testscript.DemoTestClass" time="0.011" errors="0" timestamp="2025-04-14T21:48:48 IST" skipped="0">
  <testcase classname="com.actitime.testscript.DemoTestClass" name="testMethod2" time="0.008">
    <system-out>
      <![CDATA[Sanjana]]>
    </system-out>
  </testcase> <!-- testMethod2 -->
  <testcase classname="com.actitime.testscript.DemoTestClass" name="testMethod" time="0.003">
    <system-out>
      <![CDATA[Welcome to TestNG]]>
    </system-out>
  </testcase> <!-- testMethod -->
  <system-out>
    <![CDATA[Sanjana
Welcome to TestNG]]>
  </system-out>
</testsuite> <!-- com.actitime.testscript.DemoTestClass -->
